<?xml version="1.0" encoding="UTF-8"?>
<!-- Generated by org.testng.reporters.JUnitXMLReporter -->
<testsuite ignored="0" hostname="LPCAIQ0804" failures="0" tests="9" name="End To End Test with Chrome browser" time="47.51" errors="0" timestamp="2022-09-13T15:18:33 EET">
  <testcase classname="com.OrangeHRM.testcases.LoginPageTest" name="PerformValidLoginTest" time="2.307"/>
  <testcase classname="com.OrangeHRM.testcases.LoginPageTest" name="CheckLoginwithInvalidPasswordOrmail" time="1.574"/>
  <testcase classname="com.OrangeHRM.testcases.LoginPageTest" name="CheckLoginwithInvalidPasswordOrmail" time="1.383"/>
  <testcase classname="com.OrangeHRM.testcases.LoginPageTest" name="CheckLoginwithInvalidPasswordOrmail" time="1.508"/>
  <testcase classname="com.OrangeHRM.testcases.LoginPageTest" name="CheckLoginwithInvalidPasswordOrmail" time="1.247"/>
  <testcase classname="com.OrangeHRM.testcases.LoginPageTest" name="testLogo" time="0.355"/>
  <testcase classname="com.OrangeHRM.testcases.LoginPageTest" name="testTitle" time="0.009"/>
  <testcase classname="com.OrangeHRM.testcases.LoginPageTest" name="testURL" time="0.007"/>
  <testcase classname="com.OrangeHRM.testcases.ResetPasswordTest" name="checkForgotPasswordFunctionality" time="1.548"/>
</testsuite> <!-- End To End Test with Chrome browser -->
