<?xml version="1.0" encoding="UTF-8"?>
<testsuite xmlns:xsi="http://www.w3.org/2001/XMLSchema-instance" xsi:noNamespaceSchemaLocation="https://maven.apache.org/surefire/maven-surefire-plugin/xsd/surefire-test-report.xsd" name="TestSuite" time="141.325" tests="12" errors="0" skipped="3" failures="1">
  <properties>
[...]
</properties>
  <testcase name="PerformValidLoginTest" classname="com.OrangeHRM.testcases.LoginPageTest" time="6.215"/>
  <testcase name="CheckLoginwithInvalidPasswordOrmail" classname="com.OrangeHRM.testcases.LoginPageTest" time="3.626"/>
  <testcase name="CheckLoginwithInvalidPasswordOrmail" classname="com.OrangeHRM.testcases.LoginPageTest" time="2.699"/>
  <testcase name="CheckLoginwithInvalidPasswordOrmail" classname="com.OrangeHRM.testcases.LoginPageTest" time="1.627"/>
  <testcase name="CheckLoginwithInvalidPasswordOrmail" classname="com.OrangeHRM.testcases.LoginPageTest" time="1.12"/>
  <testcase name="testLogo" classname="com.OrangeHRM.testcases.LoginPageTest" time="0">
    <skipped message="Logo is not Found expected [false] but found [true]"/>
    <system-out><![CDATA[Before NavigatingTo:https://opensource-demo.orangehrmlive.com/
Navigated To:https://opensource-demo.orangehrmlive.com/
I am in onTestStart method testLogostart
Trying To Find Element By : By.xpath: //img[@src='/web/images/ohrm_branding.png?1660914792648']
Found Element By : By.xpath: //img[@src='/web/images/ohrm_branding.png?1660914792648']
Trying To Find Element By : By.xpath: //img[@src='/web/images/ohrm_branding.png?1660914792648']
Found Element By : By.xpath: //img[@src='/web/images/ohrm_branding.png?1660914792648']
I am in onTestSkipped method testLogoSkipped
]]></system-out>
    <system-err><![CDATA[Starting ChromeDriver 105.0.5195.52 (412c95e518836d8a7d97250d62b29c2ae6a26a85-refs/branch-heads/5195@{#853}) on port 37619
Only local connections are allowed.
Please see https://chromedriver.chromium.org/security-considerations for suggestions on keeping ChromeDriver safe.
ChromeDriver was started successfully.
Sep 13, 2022 9:42:00 AM org.openqa.selenium.remote.ProtocolHandshake createSession
INFO: Detected dialect: W3C
]]></system-err>
  </testcase>
  <testcase name="testLogo" classname="com.OrangeHRM.testcases.LoginPageTest" time="0">
    <skipped message="Logo is not Found expected [false] but found [true]"/>
    <system-out><![CDATA[Before NavigatingTo:https://opensource-demo.orangehrmlive.com/
Navigated To:https://opensource-demo.orangehrmlive.com/
I am in onTestStart method testLogostart
Trying To Find Element By : By.xpath: //img[@src='/web/images/ohrm_branding.png?1660914792648']
Found Element By : By.xpath: //img[@src='/web/images/ohrm_branding.png?1660914792648']
Trying To Find Element By : By.xpath: //img[@src='/web/images/ohrm_branding.png?1660914792648']
Found Element By : By.xpath: //img[@src='/web/images/ohrm_branding.png?1660914792648']
I am in onTestSkipped method testLogoSkipped
]]></system-out>
    <system-err><![CDATA[Starting ChromeDriver 105.0.5195.52 (412c95e518836d8a7d97250d62b29c2ae6a26a85-refs/branch-heads/5195@{#853}) on port 47087
Only local connections are allowed.
Please see https://chromedriver.chromium.org/security-considerations for suggestions on keeping ChromeDriver safe.
ChromeDriver was started successfully.
Sep 13, 2022 9:42:05 AM org.openqa.selenium.remote.ProtocolHandshake createSession
INFO: Detected dialect: W3C
]]></system-err>
  </testcase>
  <testcase name="testLogo" classname="com.OrangeHRM.testcases.LoginPageTest" time="0">
    <skipped message="Logo is not Found expected [false] but found [true]"/>
    <system-out><![CDATA[Before NavigatingTo:https://opensource-demo.orangehrmlive.com/
Navigated To:https://opensource-demo.orangehrmlive.com/
I am in onTestStart method testLogostart
Trying To Find Element By : By.xpath: //img[@src='/web/images/ohrm_branding.png?1660914792648']
Found Element By : By.xpath: //img[@src='/web/images/ohrm_branding.png?1660914792648']
Trying To Find Element By : By.xpath: //img[@src='/web/images/ohrm_branding.png?1660914792648']
Found Element By : By.xpath: //img[@src='/web/images/ohrm_branding.png?1660914792648']
I am in onTestSkipped method testLogoSkipped
]]></system-out>
    <system-err><![CDATA[Starting ChromeDriver 105.0.5195.52 (412c95e518836d8a7d97250d62b29c2ae6a26a85-refs/branch-heads/5195@{#853}) on port 35935
Only local connections are allowed.
Please see https://chromedriver.chromium.org/security-considerations for suggestions on keeping ChromeDriver safe.
ChromeDriver was started successfully.
Sep 13, 2022 9:42:15 AM org.openqa.selenium.remote.ProtocolHandshake createSession
INFO: Detected dialect: W3C
]]></system-err>
  </testcase>
  <testcase name="testLogo" classname="com.OrangeHRM.testcases.LoginPageTest" time="0.515">
    <failure message="Logo is not Found expected [false] but found [true]" type="java.lang.AssertionError">java.lang.AssertionError: Logo is not Found expected [false] but found [true]
	at com.OrangeHRM.testcases.LoginPageTest.testLogo(LoginPageTest.java:126)
</failure>
    <system-out><![CDATA[Before NavigatingTo:https://opensource-demo.orangehrmlive.com/
Navigated To:https://opensource-demo.orangehrmlive.com/
I am in onTestStart method testLogostart
Trying To Find Element By : By.xpath: //img[@src='/web/images/ohrm_branding.png?1660914792648']
Found Element By : By.xpath: //img[@src='/web/images/ohrm_branding.png?1660914792648']
Trying To Find Element By : By.xpath: //img[@src='/web/images/ohrm_branding.png?1660914792648']
Found Element By : By.xpath: //img[@src='/web/images/ohrm_branding.png?1660914792648']
Iam onTestFailure method testLogofailed
Screenshot captured for test case: testLogo
]]></system-out>
    <system-err><![CDATA[Starting ChromeDriver 105.0.5195.52 (412c95e518836d8a7d97250d62b29c2ae6a26a85-refs/branch-heads/5195@{#853}) on port 36795
Only local connections are allowed.
Please see https://chromedriver.chromium.org/security-considerations for suggestions on keeping ChromeDriver safe.
ChromeDriver was started successfully.
Sep 13, 2022 9:42:30 AM org.openqa.selenium.remote.ProtocolHandshake createSession
INFO: Detected dialect: W3C
]]></system-err>
  </testcase>
  <testcase name="testTitle" classname="com.OrangeHRM.testcases.LoginPageTest" time="0.006"/>
  <testcase name="testURL" classname="com.OrangeHRM.testcases.LoginPageTest" time="0.007"/>
  <testcase name="checkForgotPasswordFunctionality" classname="com.OrangeHRM.testcases.ResetPasswordTest" time="1.535"/>
</testsuite>