<?xml version="1.0" encoding="UTF-8"?>
<testng-results ignored="0" total="9" passed="9" failed="0" skipped="0">
  <reporter-output>
  </reporter-output>
  <suite started-at="2022-09-13T15:17:45 EET" name="Orange HRM Application Test" finished-at="2022-09-13T15:18:33 EET" duration-ms="47510">
    <groups>
      <group name="Regression">
        <method signature="LoginPageTest.PerformValidLoginTest()[pri:1, instance:com.OrangeHRM.testcases.LoginPageTest@8c46918]" name="PerformValidLoginTest" class="com.OrangeHRM.testcases.LoginPageTest"/>
        <method signature="ResetPasswordTest.checkForgotPasswordFunctionality()[pri:1, instance:com.OrangeHRM.testcases.ResetPasswordTest@226b143b]" name="checkForgotPasswordFunctionality" class="com.OrangeHRM.testcases.ResetPasswordTest"/>
      </group> <!-- Regression -->
      <group name="E2E">
        <method signature="LoginPageTest.PerformValidLoginTest()[pri:1, instance:com.OrangeHRM.testcases.LoginPageTest@8c46918]" name="PerformValidLoginTest" class="com.OrangeHRM.testcases.LoginPageTest"/>
        <method signature="LoginPageTest.testLogo()[pri:3, instance:com.OrangeHRM.testcases.LoginPageTest@8c46918]" name="testLogo" class="com.OrangeHRM.testcases.LoginPageTest"/>
        <method signature="LoginPageTest.testTitle()[pri:4, instance:com.OrangeHRM.testcases.LoginPageTest@8c46918]" name="testTitle" class="com.OrangeHRM.testcases.LoginPageTest"/>
        <method signature="LoginPageTest.testURL()[pri:4, instance:com.OrangeHRM.testcases.LoginPageTest@8c46918]" name="testURL" class="com.OrangeHRM.testcases.LoginPageTest"/>
        <method signature="ResetPasswordTest.checkForgotPasswordFunctionality()[pri:1, instance:com.OrangeHRM.testcases.ResetPasswordTest@226b143b]" name="checkForgotPasswordFunctionality" class="com.OrangeHRM.testcases.ResetPasswordTest"/>
      </group> <!-- E2E -->
    </groups>
    <test started-at="2022-09-13T15:17:45 EET" name="End To End Test with Chrome browser" finished-at="2022-09-13T15:18:33 EET" duration-ms="47510">
      <class name="com.OrangeHRM.testcases.LoginPageTest">
        <test-method is-config="true" signature="setup(java.lang.reflect.Method, java.lang.String)[pri:0, instance:com.OrangeHRM.testcases.LoginPageTest@8c46918]" started-at="2022-09-13T15:17:45 EET" name="setup" finished-at="2022-09-13T15:17:55 EET" duration-ms="9433" status="PASS">
          <params>
            <param index="0">
              <value>
                <![CDATA[public void com.OrangeHRM.testcases.LoginPageTest.PerformValidLoginTest() throws java.io.IOException]]>
              </value>
            </param>
            <param index="1">
              <value>
                <![CDATA[chrome-headless]]>
              </value>
            </param>
          </params>
          <reporter-output>
          </reporter-output>
        </test-method> <!-- setup -->
        <test-method signature="PerformValidLoginTest()[pri:1, instance:com.OrangeHRM.testcases.LoginPageTest@8c46918]" started-at="2022-09-13T15:17:55 EET" name="PerformValidLoginTest" finished-at="2022-09-13T15:17:57 EET" duration-ms="2307" status="PASS">
          <reporter-output>
          </reporter-output>
        </test-method> <!-- PerformValidLoginTest -->
        <test-method is-config="true" signature="tearDown(java.lang.reflect.Method, org.testng.ITestResult)[pri:0, instance:com.OrangeHRM.testcases.LoginPageTest@8c46918]" started-at="2022-09-13T15:17:57 EET" name="tearDown" finished-at="2022-09-13T15:17:57 EET" duration-ms="198" status="PASS">
          <params>
            <param index="0">
              <value>
                <![CDATA[public void com.OrangeHRM.testcases.LoginPageTest.PerformValidLoginTest() throws java.io.IOException]]>
              </value>
            </param>
            <param index="1">
              <value>
                <![CDATA[[TestResult name=PerformValidLoginTest status=SUCCESS method=LoginPageTest.PerformValidLoginTest()[pri:1, instance:com.OrangeHRM.testcases.LoginPageTest@8c46918] output={null}]]]>
              </value>
            </param>
          </params>
          <reporter-output>
          </reporter-output>
        </test-method> <!-- tearDown -->
        <test-method is-config="true" signature="setup(java.lang.reflect.Method, java.lang.String)[pri:0, instance:com.OrangeHRM.testcases.LoginPageTest@8c46918]" started-at="2022-09-13T15:17:59 EET" name="setup" finished-at="2022-09-13T15:18:02 EET" duration-ms="3129" status="PASS">
          <params>
            <param index="0">
              <value>
                <![CDATA[public void com.OrangeHRM.testcases.LoginPageTest.CheckLoginwithInvalidPasswordOrmail(java.lang.String,java.lang.String) throws java.io.IOException]]>
              </value>
            </param>
            <param index="1">
              <value>
                <![CDATA[chrome-headless]]>
              </value>
            </param>
          </params>
          <reporter-output>
          </reporter-output>
        </test-method> <!-- setup -->
        <test-method signature="CheckLoginwithInvalidPasswordOrmail(java.lang.String, java.lang.String)[pri:2, instance:com.OrangeHRM.testcases.LoginPageTest@8c46918]" started-at="2022-09-13T15:18:02 EET" name="CheckLoginwithInvalidPasswordOrmail" data-provider="testLoginData" finished-at="2022-09-13T15:18:03 EET" duration-ms="1574" status="PASS">
          <params>
            <param index="0">
              <value>
                <![CDATA[admin]]>
              </value>
            </param>
            <param index="1">
              <value>
                <![CDATA[admin]]>
              </value>
            </param>
          </params>
          <reporter-output>
          </reporter-output>
        </test-method> <!-- CheckLoginwithInvalidPasswordOrmail -->
        <test-method is-config="true" signature="tearDown(java.lang.reflect.Method, org.testng.ITestResult)[pri:0, instance:com.OrangeHRM.testcases.LoginPageTest@8c46918]" started-at="2022-09-13T15:18:03 EET" name="tearDown" finished-at="2022-09-13T15:18:03 EET" duration-ms="163" status="PASS">
          <params>
            <param index="0">
              <value>
                <![CDATA[public void com.OrangeHRM.testcases.LoginPageTest.CheckLoginwithInvalidPasswordOrmail(java.lang.String,java.lang.String) throws java.io.IOException]]>
              </value>
            </param>
            <param index="1">
              <value>
                <![CDATA[[TestResult name=CheckLoginwithInvalidPasswordOrmail status=SUCCESS method=LoginPageTest.CheckLoginwithInvalidPasswordOrmail(java.lang.String, java.lang.String)[pri:2, instance:com.OrangeHRM.testcases.LoginPageTest@8c46918] output={null}]]]>
              </value>
            </param>
          </params>
          <reporter-output>
          </reporter-output>
        </test-method> <!-- tearDown -->
        <test-method is-config="true" signature="setup(java.lang.reflect.Method, java.lang.String)[pri:0, instance:com.OrangeHRM.testcases.LoginPageTest@8c46918]" started-at="2022-09-13T15:18:03 EET" name="setup" finished-at="2022-09-13T15:18:07 EET" duration-ms="3189" status="PASS">
          <params>
            <param index="0">
              <value>
                <![CDATA[public void com.OrangeHRM.testcases.LoginPageTest.CheckLoginwithInvalidPasswordOrmail(java.lang.String,java.lang.String) throws java.io.IOException]]>
              </value>
            </param>
            <param index="1">
              <value>
                <![CDATA[chrome-headless]]>
              </value>
            </param>
          </params>
          <reporter-output>
          </reporter-output>
        </test-method> <!-- setup -->
        <test-method signature="CheckLoginwithInvalidPasswordOrmail(java.lang.String, java.lang.String)[pri:2, instance:com.OrangeHRM.testcases.LoginPageTest@8c46918]" started-at="2022-09-13T15:18:07 EET" name="CheckLoginwithInvalidPasswordOrmail" data-provider="testLoginData" finished-at="2022-09-13T15:18:08 EET" duration-ms="1383" status="PASS">
          <params>
            <param index="0">
              <value>
                <![CDATA[admin1]]>
              </value>
            </param>
            <param index="1">
              <value>
                <![CDATA[admin12]]>
              </value>
            </param>
          </params>
          <reporter-output>
          </reporter-output>
        </test-method> <!-- CheckLoginwithInvalidPasswordOrmail -->
        <test-method is-config="true" signature="tearDown(java.lang.reflect.Method, org.testng.ITestResult)[pri:0, instance:com.OrangeHRM.testcases.LoginPageTest@8c46918]" started-at="2022-09-13T15:18:08 EET" name="tearDown" finished-at="2022-09-13T15:18:08 EET" duration-ms="160" status="PASS">
          <params>
            <param index="0">
              <value>
                <![CDATA[public void com.OrangeHRM.testcases.LoginPageTest.CheckLoginwithInvalidPasswordOrmail(java.lang.String,java.lang.String) throws java.io.IOException]]>
              </value>
            </param>
            <param index="1">
              <value>
                <![CDATA[[TestResult name=CheckLoginwithInvalidPasswordOrmail status=SUCCESS method=LoginPageTest.CheckLoginwithInvalidPasswordOrmail(java.lang.String, java.lang.String)[pri:2, instance:com.OrangeHRM.testcases.LoginPageTest@8c46918] output={null}]]]>
              </value>
            </param>
          </params>
          <reporter-output>
          </reporter-output>
        </test-method> <!-- tearDown -->
        <test-method is-config="true" signature="setup(java.lang.reflect.Method, java.lang.String)[pri:0, instance:com.OrangeHRM.testcases.LoginPageTest@8c46918]" started-at="2022-09-13T15:18:08 EET" name="setup" finished-at="2022-09-13T15:18:11 EET" duration-ms="2938" status="PASS">
          <params>
            <param index="0">
              <value>
                <![CDATA[public void com.OrangeHRM.testcases.LoginPageTest.CheckLoginwithInvalidPasswordOrmail(java.lang.String,java.lang.String) throws java.io.IOException]]>
              </value>
            </param>
            <param index="1">
              <value>
                <![CDATA[chrome-headless]]>
              </value>
            </param>
          </params>
          <reporter-output>
          </reporter-output>
        </test-method> <!-- setup -->
        <test-method signature="CheckLoginwithInvalidPasswordOrmail(java.lang.String, java.lang.String)[pri:2, instance:com.OrangeHRM.testcases.LoginPageTest@8c46918]" started-at="2022-09-13T15:18:11 EET" name="CheckLoginwithInvalidPasswordOrmail" data-provider="testLoginData" finished-at="2022-09-13T15:18:13 EET" duration-ms="1508" status="PASS">
          <params>
            <param index="0">
              <value>
                <![CDATA[admin]]>
              </value>
            </param>
            <param index="1">
              <value>
                <![CDATA[123245]]>
              </value>
            </param>
          </params>
          <reporter-output>
          </reporter-output>
        </test-method> <!-- CheckLoginwithInvalidPasswordOrmail -->
        <test-method is-config="true" signature="tearDown(java.lang.reflect.Method, org.testng.ITestResult)[pri:0, instance:com.OrangeHRM.testcases.LoginPageTest@8c46918]" started-at="2022-09-13T15:18:13 EET" name="tearDown" finished-at="2022-09-13T15:18:13 EET" duration-ms="159" status="PASS">
          <params>
            <param index="0">
              <value>
                <![CDATA[public void com.OrangeHRM.testcases.LoginPageTest.CheckLoginwithInvalidPasswordOrmail(java.lang.String,java.lang.String) throws java.io.IOException]]>
              </value>
            </param>
            <param index="1">
              <value>
                <![CDATA[[TestResult name=CheckLoginwithInvalidPasswordOrmail status=SUCCESS method=LoginPageTest.CheckLoginwithInvalidPasswordOrmail(java.lang.String, java.lang.String)[pri:2, instance:com.OrangeHRM.testcases.LoginPageTest@8c46918] output={null}]]]>
              </value>
            </param>
          </params>
          <reporter-output>
          </reporter-output>
        </test-method> <!-- tearDown -->
        <test-method is-config="true" signature="setup(java.lang.reflect.Method, java.lang.String)[pri:0, instance:com.OrangeHRM.testcases.LoginPageTest@8c46918]" started-at="2022-09-13T15:18:13 EET" name="setup" finished-at="2022-09-13T15:18:16 EET" duration-ms="2916" status="PASS">
          <params>
            <param index="0">
              <value>
                <![CDATA[public void com.OrangeHRM.testcases.LoginPageTest.CheckLoginwithInvalidPasswordOrmail(java.lang.String,java.lang.String) throws java.io.IOException]]>
              </value>
            </param>
            <param index="1">
              <value>
                <![CDATA[chrome-headless]]>
              </value>
            </param>
          </params>
          <reporter-output>
          </reporter-output>
        </test-method> <!-- setup -->
        <test-method signature="CheckLoginwithInvalidPasswordOrmail(java.lang.String, java.lang.String)[pri:2, instance:com.OrangeHRM.testcases.LoginPageTest@8c46918]" started-at="2022-09-13T15:18:16 EET" name="CheckLoginwithInvalidPasswordOrmail" data-provider="testLoginData" finished-at="2022-09-13T15:18:17 EET" duration-ms="1247" status="PASS">
          <params>
            <param index="0">
              <value>
                <![CDATA[islam]]>
              </value>
            </param>
            <param index="1">
              <value>
                <![CDATA[12314asd]]>
              </value>
            </param>
          </params>
          <reporter-output>
          </reporter-output>
        </test-method> <!-- CheckLoginwithInvalidPasswordOrmail -->
        <test-method is-config="true" signature="tearDown(java.lang.reflect.Method, org.testng.ITestResult)[pri:0, instance:com.OrangeHRM.testcases.LoginPageTest@8c46918]" started-at="2022-09-13T15:18:17 EET" name="tearDown" finished-at="2022-09-13T15:18:17 EET" duration-ms="174" status="PASS">
          <params>
            <param index="0">
              <value>
                <![CDATA[public void com.OrangeHRM.testcases.LoginPageTest.CheckLoginwithInvalidPasswordOrmail(java.lang.String,java.lang.String) throws java.io.IOException]]>
              </value>
            </param>
            <param index="1">
              <value>
                <![CDATA[[TestResult name=CheckLoginwithInvalidPasswordOrmail status=SUCCESS method=LoginPageTest.CheckLoginwithInvalidPasswordOrmail(java.lang.String, java.lang.String)[pri:2, instance:com.OrangeHRM.testcases.LoginPageTest@8c46918] output={null}]]]>
              </value>
            </param>
          </params>
          <reporter-output>
          </reporter-output>
        </test-method> <!-- tearDown -->
        <test-method is-config="true" signature="setup(java.lang.reflect.Method, java.lang.String)[pri:0, instance:com.OrangeHRM.testcases.LoginPageTest@8c46918]" started-at="2022-09-13T15:18:17 EET" name="setup" finished-at="2022-09-13T15:18:20 EET" duration-ms="2806" status="PASS">
          <params>
            <param index="0">
              <value>
                <![CDATA[public void com.OrangeHRM.testcases.LoginPageTest.testLogo()]]>
              </value>
            </param>
            <param index="1">
              <value>
                <![CDATA[chrome-headless]]>
              </value>
            </param>
          </params>
          <reporter-output>
          </reporter-output>
        </test-method> <!-- setup -->
        <test-method signature="testLogo()[pri:3, instance:com.OrangeHRM.testcases.LoginPageTest@8c46918]" started-at="2022-09-13T15:18:20 EET" name="testLogo" finished-at="2022-09-13T15:18:20 EET" duration-ms="355" status="PASS">
          <reporter-output>
          </reporter-output>
        </test-method> <!-- testLogo -->
        <test-method is-config="true" signature="tearDown(java.lang.reflect.Method, org.testng.ITestResult)[pri:0, instance:com.OrangeHRM.testcases.LoginPageTest@8c46918]" started-at="2022-09-13T15:18:20 EET" name="tearDown" finished-at="2022-09-13T15:18:20 EET" duration-ms="157" status="PASS">
          <params>
            <param index="0">
              <value>
                <![CDATA[public void com.OrangeHRM.testcases.LoginPageTest.testLogo()]]>
              </value>
            </param>
            <param index="1">
              <value>
                <![CDATA[[TestResult name=testLogo status=SUCCESS method=LoginPageTest.testLogo()[pri:3, instance:com.OrangeHRM.testcases.LoginPageTest@8c46918] output={null}]]]>
              </value>
            </param>
          </params>
          <reporter-output>
          </reporter-output>
        </test-method> <!-- tearDown -->
        <test-method is-config="true" signature="setup(java.lang.reflect.Method, java.lang.String)[pri:0, instance:com.OrangeHRM.testcases.LoginPageTest@8c46918]" started-at="2022-09-13T15:18:20 EET" name="setup" finished-at="2022-09-13T15:18:24 EET" duration-ms="3964" status="PASS">
          <params>
            <param index="0">
              <value>
                <![CDATA[public void com.OrangeHRM.testcases.LoginPageTest.testTitle()]]>
              </value>
            </param>
            <param index="1">
              <value>
                <![CDATA[chrome-headless]]>
              </value>
            </param>
          </params>
          <reporter-output>
          </reporter-output>
        </test-method> <!-- setup -->
        <test-method signature="testTitle()[pri:4, instance:com.OrangeHRM.testcases.LoginPageTest@8c46918]" started-at="2022-09-13T15:18:24 EET" name="testTitle" finished-at="2022-09-13T15:18:24 EET" duration-ms="9" status="PASS">
          <reporter-output>
          </reporter-output>
        </test-method> <!-- testTitle -->
        <test-method is-config="true" signature="tearDown(java.lang.reflect.Method, org.testng.ITestResult)[pri:0, instance:com.OrangeHRM.testcases.LoginPageTest@8c46918]" started-at="2022-09-13T15:18:24 EET" name="tearDown" finished-at="2022-09-13T15:18:25 EET" duration-ms="225" status="PASS">
          <params>
            <param index="0">
              <value>
                <![CDATA[public void com.OrangeHRM.testcases.LoginPageTest.testTitle()]]>
              </value>
            </param>
            <param index="1">
              <value>
                <![CDATA[[TestResult name=testTitle status=SUCCESS method=LoginPageTest.testTitle()[pri:4, instance:com.OrangeHRM.testcases.LoginPageTest@8c46918] output={null}]]]>
              </value>
            </param>
          </params>
          <reporter-output>
          </reporter-output>
        </test-method> <!-- tearDown -->
        <test-method is-config="true" signature="setup(java.lang.reflect.Method, java.lang.String)[pri:0, instance:com.OrangeHRM.testcases.LoginPageTest@8c46918]" started-at="2022-09-13T15:18:25 EET" name="setup" finished-at="2022-09-13T15:18:28 EET" duration-ms="3204" status="PASS">
          <params>
            <param index="0">
              <value>
                <![CDATA[public void com.OrangeHRM.testcases.LoginPageTest.testURL()]]>
              </value>
            </param>
            <param index="1">
              <value>
                <![CDATA[chrome-headless]]>
              </value>
            </param>
          </params>
          <reporter-output>
          </reporter-output>
        </test-method> <!-- setup -->
        <test-method signature="testURL()[pri:4, instance:com.OrangeHRM.testcases.LoginPageTest@8c46918]" started-at="2022-09-13T15:18:28 EET" name="testURL" finished-at="2022-09-13T15:18:28 EET" duration-ms="7" status="PASS">
          <reporter-output>
          </reporter-output>
        </test-method> <!-- testURL -->
        <test-method is-config="true" signature="tearDown(java.lang.reflect.Method, org.testng.ITestResult)[pri:0, instance:com.OrangeHRM.testcases.LoginPageTest@8c46918]" started-at="2022-09-13T15:18:28 EET" name="tearDown" finished-at="2022-09-13T15:18:28 EET" duration-ms="141" status="PASS">
          <params>
            <param index="0">
              <value>
                <![CDATA[public void com.OrangeHRM.testcases.LoginPageTest.testURL()]]>
              </value>
            </param>
            <param index="1">
              <value>
                <![CDATA[[TestResult name=testURL status=SUCCESS method=LoginPageTest.testURL()[pri:4, instance:com.OrangeHRM.testcases.LoginPageTest@8c46918] output={null}]]]>
              </value>
            </param>
          </params>
          <reporter-output>
          </reporter-output>
        </test-method> <!-- tearDown -->
      </class> <!-- com.OrangeHRM.testcases.LoginPageTest -->
      <class name="com.OrangeHRM.testcases.ResetPasswordTest">
        <test-method is-config="true" signature="setup(java.lang.reflect.Method, java.lang.String)[pri:0, instance:com.OrangeHRM.testcases.ResetPasswordTest@226b143b]" started-at="2022-09-13T15:18:28 EET" name="setup" finished-at="2022-09-13T15:18:31 EET" duration-ms="3015" status="PASS">
          <params>
            <param index="0">
              <value>
                <![CDATA[public void com.OrangeHRM.testcases.ResetPasswordTest.checkForgotPasswordFunctionality() throws java.io.IOException]]>
              </value>
            </param>
            <param index="1">
              <value>
                <![CDATA[chrome-headless]]>
              </value>
            </param>
          </params>
          <reporter-output>
          </reporter-output>
        </test-method> <!-- setup -->
        <test-method signature="checkForgotPasswordFunctionality()[pri:1, instance:com.OrangeHRM.testcases.ResetPasswordTest@226b143b]" started-at="2022-09-13T15:18:31 EET" name="checkForgotPasswordFunctionality" finished-at="2022-09-13T15:18:33 EET" duration-ms="1548" status="PASS">
          <reporter-output>
          </reporter-output>
        </test-method> <!-- checkForgotPasswordFunctionality -->
        <test-method is-config="true" signature="tearDown(java.lang.reflect.Method, org.testng.ITestResult)[pri:0, instance:com.OrangeHRM.testcases.ResetPasswordTest@226b143b]" started-at="2022-09-13T15:18:33 EET" name="tearDown" finished-at="2022-09-13T15:18:33 EET" duration-ms="148" status="PASS">
          <params>
            <param index="0">
              <value>
                <![CDATA[public void com.OrangeHRM.testcases.ResetPasswordTest.checkForgotPasswordFunctionality() throws java.io.IOException]]>
              </value>
            </param>
            <param index="1">
              <value>
                <![CDATA[[TestResult name=checkForgotPasswordFunctionality status=SUCCESS method=ResetPasswordTest.checkForgotPasswordFunctionality()[pri:1, instance:com.OrangeHRM.testcases.ResetPasswordTest@226b143b] output={null}]]]>
              </value>
            </param>
          </params>
          <reporter-output>
          </reporter-output>
        </test-method> <!-- tearDown -->
      </class> <!-- com.OrangeHRM.testcases.ResetPasswordTest -->
    </test> <!-- End To End Test with Chrome browser -->
  </suite> <!-- Orange HRM Application Test -->
</testng-results>
