<?xml version="1.0" encoding="UTF-8"?>
<testng-results ignored="0" total="1" passed="1" failed="0" skipped="0">
  <reporter-output>
  </reporter-output>
  <suite started-at="2022-09-26T13:49:57 EET" name="Default suite" finished-at="2022-09-26T13:50:07 EET" duration-ms="10199">
    <groups>
    </groups>
    <test started-at="2022-09-26T13:49:57 EET" name="Default test" finished-at="2022-09-26T13:50:07 EET" duration-ms="10199">
      <class name="Grid.LoginOnLinuxUsingFirefox">
        <test-method is-config="true" signature="setup()[pri:0, instance:Grid.LoginOnLinuxUsingFirefox@488b50ec]" started-at="2022-09-26T13:49:57 EET" name="setup" finished-at="2022-09-26T13:50:05 EET" duration-ms="8438" status="PASS">
          <reporter-output>
          </reporter-output>
        </test-method> <!-- setup -->
        <test-method signature="testLogo()[pri:1, instance:Grid.LoginOnLinuxUsingFirefox@488b50ec]" started-at="2022-09-26T13:50:06 EET" name="testLogo" finished-at="2022-09-26T13:50:06 EET" duration-ms="918" status="PASS">
          <reporter-output>
          </reporter-output>
        </test-method> <!-- testLogo -->
        <test-method is-config="true" signature="tearDown()[pri:0, instance:Grid.LoginOnLinuxUsingFirefox@488b50ec]" started-at="2022-09-26T13:50:06 EET" name="tearDown" finished-at="2022-09-26T13:50:07 EET" duration-ms="710" status="PASS">
          <reporter-output>
          </reporter-output>
        </test-method> <!-- tearDown -->
      </class> <!-- Grid.LoginOnLinuxUsingFirefox -->
    </test> <!-- Default test -->
  </suite> <!-- Default suite -->
</testng-results>
